2023-01-13 14:04:49,034 INFO  [restartedMain] com.scm.SupplyChainManagementApplication:Starting SupplyChainManagementApplication using Java 11.0.15 on DESKTOP-CTUNU53 with PID 1300 (C:\Users\Lenovo\IdeaProjects\SupplyChainManagement\target\classes started by Lenovo in C:\Users\Lenovo\IdeaProjects\SupplyChainManagement)
2023-01-13 14:04:49,038 INFO  [restartedMain] com.scm.SupplyChainManagementApplication:No active profile set, falling back to 1 default profile: "default"
2023-01-13 14:04:49,216 INFO  [restartedMain] org.springframework.boot.devtools.env.DevToolsPropertyDefaultsPostProcessor:Devtools property defaults active! Set 'spring.devtools.add-properties' to 'false' to disable
2023-01-13 14:04:49,217 INFO  [restartedMain] org.springframework.boot.devtools.env.DevToolsPropertyDefaultsPostProcessor:For additional web related logging consider setting the 'logging.level.web' property to 'DEBUG'
2023-01-13 14:04:52,807 INFO  [restartedMain] org.springframework.data.repository.config.RepositoryConfigurationDelegate:Bootstrapping Spring Data JPA repositories in DEFAULT mode.
2023-01-13 14:04:52,960 INFO  [restartedMain] org.springframework.data.repository.config.RepositoryConfigurationDelegate:Finished Spring Data repository scanning in 123 ms. Found 2 JPA repository interfaces.
2023-01-13 14:04:55,444 INFO  [restartedMain] org.springframework.boot.web.embedded.tomcat.TomcatWebServer:Tomcat initialized with port(s): 8080 (http)
2023-01-13 14:04:55,482 INFO  [restartedMain] org.apache.catalina.core.StandardService:Starting service [Tomcat]
2023-01-13 14:04:55,483 INFO  [restartedMain] org.apache.catalina.core.StandardEngine:Starting Servlet engine: [Apache Tomcat/9.0.65]
2023-01-13 14:04:55,786 INFO  [restartedMain] org.apache.catalina.core.ContainerBase.[Tomcat].[localhost].[/]:Initializing Spring embedded WebApplicationContext
2023-01-13 14:04:55,789 INFO  [restartedMain] org.springframework.boot.web.servlet.context.ServletWebServerApplicationContext:Root WebApplicationContext: initialization completed in 6568 ms
2023-01-13 14:04:56,560 INFO  [restartedMain] org.hibernate.jpa.internal.util.LogHelper:HHH000204: Processing PersistenceUnitInfo [name: default]
2023-01-13 14:04:56,723 INFO  [restartedMain] org.hibernate.Version:HHH000412: Hibernate ORM core version 5.6.11.Final
2023-01-13 14:04:57,209 INFO  [restartedMain] org.hibernate.annotations.common.Version:HCANN000001: Hibernate Commons Annotations {5.1.2.Final}
2023-01-13 14:04:57,520 INFO  [restartedMain] com.zaxxer.hikari.HikariDataSource:HikariPool-1 - Starting...
2023-01-13 14:04:58,101 INFO  [restartedMain] com.zaxxer.hikari.HikariDataSource:HikariPool-1 - Start completed.
2023-01-13 14:04:58,154 INFO  [restartedMain] org.hibernate.dialect.Dialect:HHH000400: Using dialect: org.hibernate.dialect.PostgreSQL9Dialect
2023-01-13 14:05:00,091 WARN  [restartedMain] org.hibernate.engine.jdbc.spi.SqlExceptionHelper:SQL Warning Code: 0, SQLState: 00000
2023-01-13 14:05:00,092 WARN  [restartedMain] org.hibernate.engine.jdbc.spi.SqlExceptionHelper:constraint "uk_npn1wf1yu1g5rjohbek375pp1" of relation "tbl_user" does not exist, skipping
2023-01-13 14:05:00,099 INFO  [restartedMain] org.hibernate.engine.transaction.jta.platform.internal.JtaPlatformInitiator:HHH000490: Using JtaPlatform implementation: [org.hibernate.engine.transaction.jta.platform.internal.NoJtaPlatform]
2023-01-13 14:05:00,116 INFO  [restartedMain] org.springframework.orm.jpa.LocalContainerEntityManagerFactoryBean:Initialized JPA EntityManagerFactory for persistence unit 'default'
2023-01-13 14:05:00,935 WARN  [restartedMain] org.springframework.boot.autoconfigure.orm.jpa.JpaBaseConfiguration$JpaWebConfiguration:spring.jpa.open-in-view is enabled by default. Therefore, database queries may be performed during view rendering. Explicitly configure spring.jpa.open-in-view to disable this warning
2023-01-13 14:05:01,980 INFO  [restartedMain] org.springframework.boot.devtools.autoconfigure.OptionalLiveReloadServer:LiveReload server is running on port 35729
2023-01-13 14:05:02,015 INFO  [restartedMain] org.springframework.boot.actuate.endpoint.web.EndpointLinksResolver:Exposing 15 endpoint(s) beneath base path '/actuator'
2023-01-13 14:05:02,116 INFO  [restartedMain] org.springframework.boot.web.embedded.tomcat.TomcatWebServer:Tomcat started on port(s): 8080 (http) with context path ''
2023-01-13 14:05:02,150 INFO  [restartedMain] com.scm.SupplyChainManagementApplication:Started SupplyChainManagementApplication in 16.523 seconds (JVM running for 19.172)
2023-01-13 14:05:43,947 INFO  [SpringApplicationShutdownHook] org.springframework.orm.jpa.LocalContainerEntityManagerFactoryBean:Closing JPA EntityManagerFactory for persistence unit 'default'
2023-01-13 14:05:43,961 INFO  [SpringApplicationShutdownHook] com.zaxxer.hikari.HikariDataSource:HikariPool-1 - Shutdown initiated...
2023-01-13 14:05:43,989 INFO  [SpringApplicationShutdownHook] com.zaxxer.hikari.HikariDataSource:HikariPool-1 - Shutdown completed.
